# CFL3D V6 INPUT FILE GENERATED WITH ICEM-CFD                                     
# Mach=  0.8500E+00, alpha=  0.2402E+01, ReUe=  0.7137E+06
# Final res=  0.2506E-04
# Final cl,cd,cy,cmy=  0.5000E+00  0.2869E-01  0.1125E+00 -0.3654E-01
#10500 it    log(res)        cl            cd            cy            cmy
    10401 -0.4592990E+01  0.5000382E+00  0.2873627E-01  0.1122516E+00 -0.3660283E-01
    10402 -0.4593066E+01  0.5000383E+00  0.2873608E-01  0.1122554E+00 -0.3660253E-01
    10403 -0.4593142E+01  0.5000385E+00  0.2873588E-01  0.1122592E+00 -0.3660223E-01
    10404 -0.4593218E+01  0.5000386E+00  0.2873567E-01  0.1122630E+00 -0.3660188E-01
    10405 -0.4593294E+01  0.5000388E+00  0.2873544E-01  0.1122667E+00 -0.3660146E-01
    10406 -0.4593368E+01  0.5000389E+00  0.2873518E-01  0.1122705E+00 -0.3660096E-01
    10407 -0.4593444E+01  0.5000391E+00  0.2873489E-01  0.1122742E+00 -0.3660042E-01
    10408 -0.4593520E+01  0.5000393E+00  0.2873460E-01  0.1122779E+00 -0.3659987E-01
    10409 -0.4593597E+01  0.5000394E+00  0.2873432E-01  0.1122816E+00 -0.3659932E-01
    10410 -0.4593673E+01  0.5000396E+00  0.2873404E-01  0.1122853E+00 -0.3659881E-01
    10411 -0.4593749E+01  0.5000399E+00  0.2873376E-01  0.1122889E+00 -0.3659833E-01
    10412 -0.4593824E+01  0.5000401E+00  0.2873347E-01  0.1122924E+00 -0.3659786E-01
    10413 -0.4593900E+01  0.5000403E+00  0.2873319E-01  0.1122960E+00 -0.3659738E-01
    10414 -0.4593976E+01  0.5000405E+00  0.2873291E-01  0.1122995E+00 -0.3659689E-01
    10415 -0.4594051E+01  0.5000407E+00  0.2873265E-01  0.1123030E+00 -0.3659638E-01
    10416 -0.4594127E+01  0.5000410E+00  0.2873237E-01  0.1123064E+00 -0.3659589E-01
    10417 -0.4594202E+01  0.5000412E+00  0.2873208E-01  0.1123098E+00 -0.3659544E-01
    10418 -0.4594273E+01  0.5000414E+00  0.2873177E-01  0.1123132E+00 -0.3659504E-01
    10419 -0.4594349E+01  0.5000417E+00  0.2873143E-01  0.1123166E+00 -0.3659468E-01
    10420 -0.4594424E+01  0.5000419E+00  0.2873110E-01  0.1123199E+00 -0.3659434E-01
    10421 -0.4594498E+01  0.5000422E+00  0.2873077E-01  0.1123232E+00 -0.3659399E-01
    10422 -0.4594573E+01  0.5000424E+00  0.2873045E-01  0.1123264E+00 -0.3659360E-01
    10423 -0.4594648E+01  0.5000426E+00  0.2873012E-01  0.1123296E+00 -0.3659316E-01
    10424 -0.4594722E+01  0.5000427E+00  0.2872978E-01  0.1123328E+00 -0.3659269E-01
    10425 -0.4594788E+01  0.5000429E+00  0.2872943E-01  0.1123359E+00 -0.3659220E-01
    10426 -0.4594863E+01  0.5000430E+00  0.2872907E-01  0.1123390E+00 -0.3659169E-01
    10427 -0.4594937E+01  0.5000432E+00  0.2872871E-01  0.1123421E+00 -0.3659119E-01
    10428 -0.4595011E+01  0.5000433E+00  0.2872835E-01  0.1123451E+00 -0.3659068E-01
    10429 -0.4595085E+01  0.5000433E+00  0.2872798E-01  0.1123481E+00 -0.3659018E-01
    10430 -0.4595158E+01  0.5000434E+00  0.2872760E-01  0.1123510E+00 -0.3658967E-01
    10431 -0.4595231E+01  0.5000435E+00  0.2872720E-01  0.1123539E+00 -0.3658912E-01
    10432 -0.4595304E+01  0.5000435E+00  0.2872680E-01  0.1123568E+00 -0.3658850E-01
    10433 -0.4595376E+01  0.5000435E+00  0.2872640E-01  0.1123597E+00 -0.3658779E-01
    10434 -0.4595449E+01  0.5000434E+00  0.2872603E-01  0.1123625E+00 -0.3658699E-01
    10435 -0.4595522E+01  0.5000434E+00  0.2872568E-01  0.1123652E+00 -0.3658616E-01
    10436 -0.4595595E+01  0.5000433E+00  0.2872535E-01  0.1123678E+00 -0.3658538E-01
    10437 -0.4595667E+01  0.5000433E+00  0.2872502E-01  0.1123705E+00 -0.3658469E-01
    10438 -0.4595739E+01  0.5000433E+00  0.2872466E-01  0.1123731E+00 -0.3658408E-01
    10439 -0.4595812E+01  0.5000433E+00  0.2872428E-01  0.1123757E+00 -0.3658349E-01
    10440 -0.4595885E+01  0.5000433E+00  0.2872388E-01  0.1123783E+00 -0.3658286E-01
    10441 -0.4595947E+01  0.5000432E+00  0.2872348E-01  0.1123808E+00 -0.3658212E-01
    10442 -0.4596022E+01  0.5000432E+00  0.2872309E-01  0.1123833E+00 -0.3658125E-01
    10443 -0.4596096E+01  0.5000431E+00  0.2872274E-01  0.1123857E+00 -0.3658028E-01
    10444 -0.4596169E+01  0.5000430E+00  0.2872240E-01  0.1123881E+00 -0.3657926E-01
    10445 -0.4596243E+01  0.5000429E+00  0.2872208E-01  0.1123905E+00 -0.3657821E-01
    10446 -0.4596316E+01  0.5000428E+00  0.2872174E-01  0.1123928E+00 -0.3657717E-01
    10447 -0.4596389E+01  0.5000428E+00  0.2872139E-01  0.1123951E+00 -0.3657615E-01
    10448 -0.4596462E+01  0.5000427E+00  0.2872103E-01  0.1123974E+00 -0.3657518E-01
    10449 -0.4596533E+01  0.5000427E+00  0.2872065E-01  0.1123996E+00 -0.3657426E-01
    10450 -0.4596602E+01  0.5000427E+00  0.2872027E-01  0.1124018E+00 -0.3657343E-01
    10451 -0.4596672E+01  0.5000428E+00  0.2871988E-01  0.1124040E+00 -0.3657270E-01
    10452 -0.4596745E+01  0.5000429E+00  0.2871945E-01  0.1124062E+00 -0.3657204E-01
    10453 -0.4596820E+01  0.5000430E+00  0.2871900E-01  0.1124083E+00 -0.3657142E-01
    10454 -0.4596897E+01  0.5000431E+00  0.2871850E-01  0.1124105E+00 -0.3657079E-01
    10455 -0.4596975E+01  0.5000432E+00  0.2871796E-01  0.1124127E+00 -0.3657013E-01
    10456 -0.4597053E+01  0.5000433E+00  0.2871739E-01  0.1124148E+00 -0.3656946E-01
    10457 -0.4597131E+01  0.5000435E+00  0.2871681E-01  0.1124170E+00 -0.3656881E-01
    10458 -0.4597208E+01  0.5000436E+00  0.2871623E-01  0.1124190E+00 -0.3656822E-01
    10459 -0.4597285E+01  0.5000438E+00  0.2871566E-01  0.1124211E+00 -0.3656769E-01
    10460 -0.4597364E+01  0.5000440E+00  0.2871508E-01  0.1124231E+00 -0.3656715E-01
    10461 -0.4597442E+01  0.5000441E+00  0.2871450E-01  0.1124250E+00 -0.3656655E-01
    10462 -0.4597521E+01  0.5000442E+00  0.2871391E-01  0.1124270E+00 -0.3656583E-01
    10463 -0.4597600E+01  0.5000443E+00  0.2871329E-01  0.1124289E+00 -0.3656503E-01
    10464 -0.4597680E+01  0.5000444E+00  0.2871265E-01  0.1124308E+00 -0.3656421E-01
    10465 -0.4597761E+01  0.5000444E+00  0.2871199E-01  0.1124326E+00 -0.3656341E-01
    10466 -0.4597841E+01  0.5000445E+00  0.2871132E-01  0.1124345E+00 -0.3656265E-01
    10467 -0.4597912E+01  0.5000445E+00  0.2871066E-01  0.1124363E+00 -0.3656188E-01
    10468 -0.4597998E+01  0.5000445E+00  0.2871002E-01  0.1124380E+00 -0.3656105E-01
    10469 -0.4598083E+01  0.5000445E+00  0.2870941E-01  0.1124397E+00 -0.3656013E-01
    10470 -0.4598168E+01  0.5000444E+00  0.2870881E-01  0.1124413E+00 -0.3655914E-01
    10471 -0.4598253E+01  0.5000443E+00  0.2870821E-01  0.1124429E+00 -0.3655814E-01
    10472 -0.4598333E+01  0.5000442E+00  0.2870760E-01  0.1124444E+00 -0.3655714E-01
    10473 -0.4598423E+01  0.5000441E+00  0.2870699E-01  0.1124459E+00 -0.3655616E-01
    10474 -0.4598511E+01  0.5000439E+00  0.2870636E-01  0.1124474E+00 -0.3655519E-01
    10475 -0.4598597E+01  0.5000438E+00  0.2870570E-01  0.1124489E+00 -0.3655424E-01
    10476 -0.4598685E+01  0.5000437E+00  0.2870502E-01  0.1124503E+00 -0.3655333E-01
    10477 -0.4598774E+01  0.5000435E+00  0.2870431E-01  0.1124518E+00 -0.3655247E-01
    10478 -0.4598864E+01  0.5000434E+00  0.2870359E-01  0.1124532E+00 -0.3655166E-01
    10479 -0.4598954E+01  0.5000433E+00  0.2870288E-01  0.1124546E+00 -0.3655088E-01
    10480 -0.4599043E+01  0.5000432E+00  0.2870220E-01  0.1124559E+00 -0.3655010E-01
    10481 -0.4599134E+01  0.5000430E+00  0.2870156E-01  0.1124572E+00 -0.3654931E-01
    10482 -0.4599226E+01  0.5000429E+00  0.2870093E-01  0.1124584E+00 -0.3654853E-01
    10483 -0.4599319E+01  0.5000428E+00  0.2870029E-01  0.1124596E+00 -0.3654780E-01
    10484 -0.4599412E+01  0.5000428E+00  0.2869964E-01  0.1124607E+00 -0.3654714E-01
    10485 -0.4599506E+01  0.5000427E+00  0.2869897E-01  0.1124619E+00 -0.3654657E-01
    10486 -0.4599600E+01  0.5000427E+00  0.2869828E-01  0.1124630E+00 -0.3654607E-01
    10487 -0.4599696E+01  0.5000427E+00  0.2869758E-01  0.1124642E+00 -0.3654559E-01
    10488 -0.4599792E+01  0.5000427E+00  0.2869687E-01  0.1124653E+00 -0.3654510E-01
    10489 -0.4599889E+01  0.5000426E+00  0.2869616E-01  0.1124663E+00 -0.3654459E-01
    10490 -0.4599986E+01  0.5000426E+00  0.2869545E-01  0.1124674E+00 -0.3654404E-01
    10491 -0.4600083E+01  0.5000426E+00  0.2869475E-01  0.1124684E+00 -0.3654345E-01
    10492 -0.4600180E+01  0.5000426E+00  0.2869404E-01  0.1124694E+00 -0.3654282E-01
    10493 -0.4600278E+01  0.5000425E+00  0.2869332E-01  0.1124704E+00 -0.3654215E-01
    10494 -0.4600377E+01  0.5000424E+00  0.2869260E-01  0.1124714E+00 -0.3654144E-01
    10495 -0.4600477E+01  0.5000424E+00  0.2869187E-01  0.1124723E+00 -0.3654065E-01
    10496 -0.4600577E+01  0.5000423E+00  0.2869116E-01  0.1124732E+00 -0.3653978E-01
    10497 -0.4600678E+01  0.5000421E+00  0.2869046E-01  0.1124740E+00 -0.3653884E-01
    10498 -0.4600779E+01  0.5000420E+00  0.2868976E-01  0.1124749E+00 -0.3653786E-01
    10499 -0.4600880E+01  0.5000419E+00  0.2868906E-01  0.1124756E+00 -0.3653692E-01
    10500 -0.4600981E+01  0.5000417E+00  0.2868836E-01  0.1124764E+00 -0.3653610E-01
